[14:04:29] [main/INFO]: Setting user: ForgeDevName
[14:04:31] [Client thread/INFO]: LWJGL Version: 2.9.1
[14:04:32] [Client thread/ERROR]: Couldn't initialize twitch stream
[14:04:40] [Client thread/INFO]: Reloading ResourceManager: Default, FMLFileResourcePack:Forge Mod Loader, FMLFileResourcePack:Minecraft Forge, FMLFileResourcePack:Mod Learning
[14:04:41] [Sound Library Loader/INFO]: Sound engine started
[14:04:43] [Client thread/INFO]: Created: 512x256 textures/blocks-atlas
[14:04:44] [Client thread/INFO]: Created: 256x256 textures/items-atlas
[14:04:44] [Client thread/INFO]: Reloading ResourceManager: Default, FMLFileResourcePack:Forge Mod Loader, FMLFileResourcePack:Minecraft Forge, FMLFileResourcePack:Mod Learning
[14:04:44] [Client thread/INFO]: Created: 256x256 textures/items-atlas
[14:04:44] [Client thread/INFO]: Created: 512x256 textures/blocks-atlas
[14:04:45] [Sound Library Loader/INFO]: Sound engine started
[14:04:50] [Server thread/INFO]: Starting integrated minecraft server version 1.7.10
[14:04:50] [Server thread/INFO]: Generating keypair
[14:04:51] [Server thread/INFO]: Preparing start region for level 0
[14:04:52] [Server thread/INFO]: Changing view distance to 12, from 10
[14:04:52] [Server thread/INFO]: ForgeDevName[local:E:a150c5fe] logged in with entity id 141 at (263.52393533001606, 4.0, 530.2014460946097)
[14:04:52] [Server thread/INFO]: ForgeDevName joined the game
[14:05:51] [Client thread/INFO]: Stopping!
[14:05:51] [Server thread/INFO]: Stopping server
[14:05:51] [Server thread/INFO]: Saving players
[14:05:51] [Server thread/INFO]: Saving worlds
[14:05:51] [Server thread/INFO]: Saving chunks for level 'New World'/Overworld
[14:05:51] [Server thread/INFO]: Saving chunks for level 'New World'/Nether
[14:05:51] [Server thread/INFO]: Saving chunks for level 'New World'/The End
